This is pdfTeX, Version 3.141592653-2.6-1.40.29 (MiKTeX 26.1) (preloaded format=pdflatex 2026.2.14)  17 MAR 2026 10:26
entering extended mode
 restricted \write18 enabled.
 %&-line parsing enabled.
**./principal.tex
(principal.tex
LaTeX2e <2025-11-01>
L3 programming layer <2026-01-19>
(C:\Users\Marc Clara\Desktop\APPS\LaTeX\tex/latex/base\article.cls
Document Class: article 2025/01/22 v1.4n Standard LaTeX document class
(C:\Users\Marc Clara\Desktop\APPS\LaTeX\tex/latex/base\size10.clo
File: size10.clo 2025/01/22 v1.4n Standard LaTeX file (size option)
)
\c@part=\count275
\c@section=\count276
\c@subsection=\count277
\c@subsubsection=\count278
\c@paragraph=\count279
\c@subparagraph=\count280
\c@figure=\count281
\c@table=\count282
\abovecaptionskip=\skip49
\belowcaptionskip=\skip50
\bibindent=\dimen148
)
(C:\Users\Marc Clara\Desktop\APPS\LaTeX\tex/latex/amsmath\amsmath.sty
Package: amsmath 2025/07/09 v2.17z AMS math features
\@mathmargin=\skip51

For additional information on amsmath, use the `?' option.
(C:\Users\Marc Clara\Desktop\APPS\LaTeX\tex/latex/amsmath\amstext.sty
Package: amstext 2024/11/17 v2.01 AMS text

(C:\Users\Marc Clara\Desktop\APPS\LaTeX\tex/latex/amsmath\amsgen.sty
File: amsgen.sty 1999/11/30 v2.0 generic functions
\@emptytoks=\toks17
\ex@=\dimen149
))
(C:\Users\Marc Clara\Desktop\APPS\LaTeX\tex/latex/amsmath\amsbsy.sty
Package: amsbsy 1999/11/29 v1.2d Bold Symbols
\pmbraise@=\dimen150
)
(C:\Users\Marc Clara\Desktop\APPS\LaTeX\tex/latex/amsmath\amsopn.sty
Package: amsopn 2022/04/08 v2.04 operator names
)
\inf@bad=\count283
LaTeX Info: Redefining \frac on input line 233.
\uproot@=\count284
\leftroot@=\count285
LaTeX Info: Redefining \overline on input line 398.
LaTeX Info: Redefining \colon on input line 409.
\classnum@=\count286
\DOTSCASE@=\count287
LaTeX Info: Redefining \ldots on input line 495.
LaTeX Info: Redefining \dots on input line 498.
LaTeX Info: Redefining \cdots on input line 619.
\Mathstrutbox@=\box53
\strutbox@=\box54
LaTeX Info: Redefining \big on input line 721.
LaTeX Info: Redefining \Big on input line 722.
LaTeX Info: Redefining \bigg on input line 723.
LaTeX Info: Redefining \Bigg on input line 724.
\big@size=\dimen151
LaTeX Font Info:    Redeclaring font encoding OML on input line 742.
LaTeX Font Info:    Redeclaring font encoding OMS on input line 743.
\macc@depth=\count288
LaTeX Info: Redefining \bmod on input line 904.
LaTeX Info: Redefining \pmod on input line 909.
LaTeX Info: Redefining \smash on input line 939.
LaTeX Info: Redefining \relbar on input line 969.
LaTeX Info: Redefining \Relbar on input line 970.
\c@MaxMatrixCols=\count289
\dotsspace@=\muskip17
\c@parentequation=\count290
\dspbrk@lvl=\count291
\tag@help=\toks18
\row@=\count292
\column@=\count293
\maxfields@=\count294
\andhelp@=\toks19
\eqnshift@=\dimen152
\alignsep@=\dimen153
\tagshift@=\dimen154
\tagwidth@=\dimen155
\totwidth@=\dimen156
\lineht@=\dimen157
\@envbody=\toks20
\multlinegap=\skip52
\multlinetaggap=\skip53
\mathdisplay@stack=\toks21
LaTeX Info: Redefining \[ on input line 2950.
LaTeX Info: Redefining \] on input line 2951.
)
(C:\Users\Marc Clara\Desktop\APPS\LaTeX\tex/latex/amsfonts\amsfonts.sty
Package: amsfonts 2013/01/14 v3.01 Basic AMSFonts support
\symAMSa=\mathgroup4
\symAMSb=\mathgroup5
LaTeX Font Info:    Redeclaring math symbol \hbar on input line 98.
LaTeX Font Info:    Overwriting math alphabet `\mathfrak' in version `bold'
(Font)                  U/euf/m/n --> U/euf/b/n on input line 106.
)
(C:\Users\Marc Clara\Desktop\APPS\LaTeX\tex/latex/amsfonts\amssymb.sty
Package: amssymb 2013/01/14 v3.01 AMS font symbols
)
(C:\Users\Marc Clara\Desktop\APPS\LaTeX\tex/latex/graphics\graphicx.sty
Package: graphicx 2024/12/31 v1.2e Enhanced LaTeX Graphics (DPC,SPQR)

(C:\Users\Marc Clara\Desktop\APPS\LaTeX\tex/latex/graphics\keyval.sty
Package: keyval 2022/05/29 v1.15 key=value parser (DPC)
\KV@toks@=\toks22
)
(C:\Users\Marc Clara\Desktop\APPS\LaTeX\tex/latex/graphics\graphics.sty
Package: graphics 2024/08/06 v1.4g Standard LaTeX Graphics (DPC,SPQR)

(C:\Users\Marc Clara\Desktop\APPS\LaTeX\tex/latex/graphics\trig.sty
Package: trig 2023/12/02 v1.11 sin cos tan (DPC)
)
(C:\Users\Marc Clara\Desktop\APPS\LaTeX\tex/latex/graphics-cfg\graphics.cfg
File: graphics.cfg 2016/06/04 v1.11 sample graphics configuration
)
Package graphics Info: Driver file: pdftex.def on input line 106.

(C:\Users\Marc Clara\Desktop\APPS\LaTeX\tex/latex/graphics-def\pdftex.def
File: pdftex.def 2025/09/29 v1.2d Graphics/color driver for pdftex
))
\Gin@req@height=\dimen158
\Gin@req@width=\dimen159
)
(C:\Users\Marc Clara\Desktop\APPS\LaTeX\tex/latex/xcolor\xcolor.sty
Package: xcolor 2024/09/29 v3.02 LaTeX color extensions (UK)

(C:\Users\Marc Clara\Desktop\APPS\LaTeX\tex/latex/graphics-cfg\color.cfg
File: color.cfg 2016/01/02 v1.6 sample color configuration
)
Package xcolor Info: Driver file: pdftex.def on input line 274.

(C:\Users\Marc Clara\Desktop\APPS\LaTeX\tex/latex/graphics\mathcolor.ltx)
Package xcolor Info: Model `cmy' substituted by `cmy0' on input line 1349.
Package xcolor Info: Model `hsb' substituted by `rgb' on input line 1353.
Package xcolor Info: Model `RGB' extended on input line 1365.
Package xcolor Info: Model `HTML' substituted by `rgb' on input line 1367.
Package xcolor Info: Model `Hsb' substituted by `hsb' on input line 1368.
Package xcolor Info: Model `tHsb' substituted by `hsb' on input line 1369.
Package xcolor Info: Model `HSB' substituted by `hsb' on input line 1370.
Package xcolor Info: Model `Gray' substituted by `gray' on input line 1371.
Package xcolor Info: Model `wave' substituted by `hsb' on input line 1372.
)
(C:\Users\Marc Clara\Desktop\APPS\LaTeX\tex/latex/base\inputenc.sty
Package: inputenc 2024/02/08 v1.3d Input encoding file
\inpenc@prehook=\toks23
\inpenc@posthook=\toks24
)
(C:\Users\Marc Clara\Desktop\APPS\LaTeX\tex/generic/babel\babel.sty
Package: babel 2026/01/26 v26.2 The multilingual framework for LuaLaTeX, pdfLaT
eX and XeLaTeX
\babel@savecnt=\count295
LaTeX Encoding Info:    Redeclaring text command \ij (encoding OT1) on input li
ne 2078.
LaTeX Encoding Info:    Redeclaring text command \IJ (encoding OT1) on input li
ne 2080.
LaTeX Encoding Info:    Redeclaring text command \ij (encoding T1) on input lin
e 2082.
LaTeX Encoding Info:    Redeclaring text command \IJ (encoding T1) on input lin
e 2083.
LaTeX Encoding Info:    Ignoring declaration for text command \ij (encoding ?) 
on input line 2084.
LaTeX Encoding Info:    Ignoring declaration for text command \IJ (encoding ?) 
on input line 2086.
LaTeX Encoding Info:    Ignoring declaration for text command \SS (encoding ?) 
on input line 2111.
\U@D=\dimen160
\l@unhyphenated=\language79

(C:\Users\Marc Clara\Desktop\APPS\LaTeX\tex/generic/babel\txtbabel.def)
\bbl@readstream=\read2
\bbl@dirlevel=\count296
Package babel Info: Configuration files are deprecated, as
(babel)             they can break document portability.
(babel)             Reported on input line 4206.

*************************************
* Local config file bblopts.cfg used
*
(C:\Users\Marc Clara\Desktop\APPS\LaTeX\tex/latex/arabi\bblopts.cfg
File: bblopts.cfg 2005/09/08 v0.1 add Arabic and Farsi to "declared" options of
 babel
)
(C:\Users\Marc Clara\Desktop\APPS\LaTeX\tex/generic/babel/locale/ca\babel-catal
an.tex)
Package babel Info: Importing font and identification data for catalan
(babel)             from babel-ca.ini. Reported on input line 4330.

(C:\Users\Marc Clara\Desktop\APPS\LaTeX\tex/latex/babel-catalan\catalan.ldf
Language: catalan 2005/03/29 v2.2p Catalan support from the babel system
Package babel Info: Making " an active character on input line 91.
Warning: You are using encoding OT1 instead of T1.
Some word breaks will not be found.
\leftllkern=\dimen161
\rightllkern=\dimen162
\raiselldim=\dimen163
))
(C:\Users\Marc Clara\Desktop\APPS\LaTeX\tex/latex/float\float.sty
Package: float 2001/11/08 v1.3d Float enhancements (AL)
\c@float@type=\count297
\float@exts=\toks25
\float@box=\box55
\@float@everytoks=\toks26
\@floatcapt=\box56
)
(C:\Users\Marc Clara\Desktop\APPS\LaTeX\tex/latex/natbib\natbib.sty
Package: natbib 2010/09/13 8.31b (PWD, AO)
\bibhang=\skip54
\bibsep=\skip55
LaTeX Info: Redefining \cite on input line 694.
\c@NAT@ctr=\count298
)
(C:\Users\Marc Clara\Desktop\APPS\LaTeX\tex/latex/hyperref\hyperref.sty
Package: hyperref 2026-01-29 v7.01p Hypertext links for LaTeX

(C:\Users\Marc Clara\Desktop\APPS\LaTeX\tex/generic/iftex\iftex.sty
Package: iftex 2024/12/12 v1.0g TeX engine tests
)
(C:\Users\Marc Clara\Desktop\APPS\LaTeX\tex/latex/kvsetkeys\kvsetkeys.sty
Package: kvsetkeys 2022-10-05 v1.19 Key value parser (HO)
)
(C:\Users\Marc Clara\Desktop\APPS\LaTeX\tex/generic/kvdefinekeys\kvdefinekeys.s
ty
Package: kvdefinekeys 2019-12-19 v1.6 Define keys (HO)
) (C:\Users\Marc Clara\Desktop\APPS\LaTeX\tex/generic/pdfescape\pdfescape.sty
Package: pdfescape 2019/12/09 v1.15 Implements pdfTeX's escape features (HO)
(C:\Users\Marc Clara\Desktop\APPS\LaTeX\tex/generic/ltxcmds\ltxcmds.sty
Package: ltxcmds 2023-12-04 v1.26 LaTeX kernel commands for general use (HO)
)
(C:\Users\Marc Clara\Desktop\APPS\LaTeX\tex/generic/pdftexcmds\pdftexcmds.sty
Package: pdftexcmds 2020-06-27 v0.33 Utility functions of pdfTeX for LuaTeX (HO
)

(C:\Users\Marc Clara\Desktop\APPS\LaTeX\tex/generic/infwarerr\infwarerr.sty
Package: infwarerr 2019/12/03 v1.5 Providing info/warning/error messages (HO)
)
Package pdftexcmds Info: \pdf@primitive is available.
Package pdftexcmds Info: \pdf@ifprimitive is available.
Package pdftexcmds Info: \pdfdraftmode found.
))
(C:\Users\Marc Clara\Desktop\APPS\LaTeX\tex/latex/hycolor\hycolor.sty
Package: hycolor 2020-01-27 v1.10 Color options for hyperref/bookmark (HO)
)
(C:\Users\Marc Clara\Desktop\APPS\LaTeX\tex/latex/hyperref\nameref.sty
Package: nameref 2026-01-29 v2.58 Cross-referencing by name of section

(C:\Users\Marc Clara\Desktop\APPS\LaTeX\tex/latex/refcount\refcount.sty
Package: refcount 2019/12/15 v3.6 Data extraction from label references (HO)
)
(C:\Users\Marc Clara\Desktop\APPS\LaTeX\tex/generic/gettitlestring\gettitlestri
ng.sty
Package: gettitlestring 2019/12/15 v1.6 Cleanup title references (HO)

(C:\Users\Marc Clara\Desktop\APPS\LaTeX\tex/latex/kvoptions\kvoptions.sty
Package: kvoptions 2022-06-15 v3.15 Key value format for package options (HO)
))
\c@section@level=\count299
)
(C:\Users\Marc Clara\Desktop\APPS\LaTeX\tex/latex/etoolbox\etoolbox.sty
Package: etoolbox 2025/10/02 v2.5m e-TeX tools for LaTeX (JAW)
\etb@tempcnta=\count300
)
(C:\Users\Marc Clara\Desktop\APPS\LaTeX\tex/generic/stringenc\stringenc.sty
Package: stringenc 2019/11/29 v1.12 Convert strings between diff. encodings (HO
)
)
\@linkdim=\dimen164
\Hy@linkcounter=\count301
\Hy@pagecounter=\count302

(C:\Users\Marc Clara\Desktop\APPS\LaTeX\tex/latex/hyperref\pd1enc.def
File: pd1enc.def 2026-01-29 v7.01p Hyperref: PDFDocEncoding definition (HO)
Now handling font encoding PD1 ...
... no UTF-8 mapping file for font encoding PD1
)
(C:\Users\Marc Clara\Desktop\APPS\LaTeX\tex/generic/intcalc\intcalc.sty
Package: intcalc 2019/12/15 v1.3 Expandable calculations with integers (HO)
)
\Hy@SavedSpaceFactor=\count303

(C:\Users\Marc Clara\Desktop\APPS\LaTeX\tex/latex/hyperref\puenc.def
File: puenc.def 2026-01-29 v7.01p Hyperref: PDF Unicode definition (HO)
Now handling font encoding PU ...
... no UTF-8 mapping file for font encoding PU
)
Package hyperref Info: Hyper figures OFF on input line 4201.
Package hyperref Info: Link nesting OFF on input line 4206.
Package hyperref Info: Hyper index ON on input line 4209.
Package hyperref Info: Plain pages OFF on input line 4216.
Package hyperref Info: Backreferencing OFF on input line 4221.
Package hyperref Info: Implicit mode ON; LaTeX internals redefined.
Package hyperref Info: Bookmarks ON on input line 4468.
\c@Hy@tempcnt=\count304

(C:\Users\Marc Clara\Desktop\APPS\LaTeX\tex/latex/url\url.sty
\Urlmuskip=\muskip18
Package: url 2013/09/16  ver 3.4  Verb mode for urls, etc.
)
LaTeX Info: Redefining \url on input line 4807.
\XeTeXLinkMargin=\dimen165

(C:\Users\Marc Clara\Desktop\APPS\LaTeX\tex/generic/bitset\bitset.sty
Package: bitset 2019/12/09 v1.3 Handle bit-vector datatype (HO)

(C:\Users\Marc Clara\Desktop\APPS\LaTeX\tex/generic/bigintcalc\bigintcalc.sty
Package: bigintcalc 2019/12/15 v1.5 Expandable calculations on big integers (HO
)
))
\Fld@menulength=\count305
\Field@Width=\dimen166
\Fld@charsize=\dimen167
Package hyperref Info: Hyper figures OFF on input line 6084.
Package hyperref Info: Link nesting OFF on input line 6089.
Package hyperref Info: Hyper index ON on input line 6092.
Package hyperref Info: backreferencing OFF on input line 6099.
Package hyperref Info: Link coloring OFF on input line 6104.
Package hyperref Info: Link coloring with OCG OFF on input line 6109.
Package hyperref Info: PDF/A mode OFF on input line 6114.
\Hy@abspage=\count306
\c@Item=\count307
\c@Hfootnote=\count308
)
Package hyperref Info: Driver (autodetected): hpdftex.
 (C:\Users\Marc Clara\Desktop\APPS\LaTeX\tex/latex/hyperref\hpdftex.def
File: hpdftex.def 2026-01-29 v7.01p Hyperref driver for pdfTeX
\Fld@listcount=\count309
\c@bookmark@seq@number=\count310

(C:\Users\Marc Clara\Desktop\APPS\LaTeX\tex/latex/rerunfilecheck\rerunfilecheck
.sty
Package: rerunfilecheck 2025-06-21 v1.11 Rerun checks for auxiliary files (HO)

(C:\Users\Marc Clara\Desktop\APPS\LaTeX\tex/generic/uniquecounter\uniquecounter
.sty
Package: uniquecounter 2019/12/15 v1.4 Provide unlimited unique counter (HO)
)
Package uniquecounter Info: New unique counter `rerunfilecheck' on input line 2
84.
)
\Hy@SectionHShift=\skip56
)
(C:\Users\Marc Clara\Desktop\APPS\LaTeX\tex/latex/l3backend\l3backend-pdftex.de
f
File: l3backend-pdftex.def 2025-10-09 L3 backend support: PDF output (pdfTeX)
\l__color_backend_stack_int=\count311
) (principal.aux
Package babel Info: 'catalan' activates 'catalan' shorthands.
(babel)             Reported on input line 8.
 (Exercici_1.aux) (exercici_2.aux))
\openout1 = `principal.aux'.

LaTeX Font Info:    Checking defaults for OML/cmm/m/it on input line 12.
LaTeX Font Info:    ... okay on input line 12.
LaTeX Font Info:    Checking defaults for OMS/cmsy/m/n on input line 12.
LaTeX Font Info:    ... okay on input line 12.
LaTeX Font Info:    Checking defaults for OT1/cmr/m/n on input line 12.
LaTeX Font Info:    ... okay on input line 12.
LaTeX Font Info:    Checking defaults for T1/cmr/m/n on input line 12.
LaTeX Font Info:    ... okay on input line 12.
LaTeX Font Info:    Checking defaults for TS1/cmr/m/n on input line 12.
LaTeX Font Info:    ... okay on input line 12.
LaTeX Font Info:    Checking defaults for OMX/cmex/m/n on input line 12.
LaTeX Font Info:    ... okay on input line 12.
LaTeX Font Info:    Checking defaults for U/cmr/m/n on input line 12.
LaTeX Font Info:    ... okay on input line 12.
LaTeX Font Info:    Checking defaults for PD1/pdf/m/n on input line 12.
LaTeX Font Info:    ... okay on input line 12.
LaTeX Font Info:    Checking defaults for PU/pdf/m/n on input line 12.
LaTeX Font Info:    ... okay on input line 12.

(C:\Users\Marc Clara\Desktop\APPS\LaTeX\tex/context/base/mkii\supp-pdf.mkii
[Loading MPS to PDF converter (version 2006.09.02).]
\scratchcounter=\count312
\scratchdimen=\dimen168
\scratchbox=\box57
\nofMPsegments=\count313
\nofMParguments=\count314
\everyMPshowfont=\toks27
\MPscratchCnt=\count315
\MPscratchDim=\dimen169
\MPnumerator=\count316
\makeMPintoPDFobject=\count317
\everyMPtoPDFconversion=\toks28
)
(C:\Users\Marc Clara\Desktop\APPS\LaTeX\tex/latex/epstopdf-pkg\epstopdf-base.st
y
Package: epstopdf-base 2020-01-24 v2.11 Base part for package epstopdf
Package epstopdf-base Info: Redefining graphics rule for `.eps' on input line 4
85.
 (C:\Users\Marc Clara\Desktop\APPS\LaTeX\tex/latex/00miktex\epstopdf-sys.cfg
File: epstopdf-sys.cfg 2021/03/18 v2.0 Configuration of epstopdf for MiKTeX
))
LaTeX Info: Redefining \l on input line 12.
LaTeX Info: Redefining \L on input line 12.
Package hyperref Info: Link coloring OFF on input line 12.
(principal.out) (principal.out)
\@outlinefile=\write3
\openout3 = `principal.out'.

\openout2 = `Exercici_1.aux'.

 (Exercici_1.tex
LaTeX Font Info:    Trying to load font information for U+msa on input line 2.

(C:\Users\Marc Clara\Desktop\APPS\LaTeX\tex/latex/amsfonts\umsa.fd
File: umsa.fd 2013/01/14 v3.01 AMS symbols A
)
LaTeX Font Info:    Trying to load font information for U+msb on input line 2.

(C:\Users\Marc Clara\Desktop\APPS\LaTeX\tex/latex/amsfonts\umsb.fd
File: umsb.fd 2013/01/14 v3.01 AMS symbols B
)
Underfull \hbox (badness 10000) in paragraph at lines 6--10

 []


Underfull \hbox (badness 10000) in paragraph at lines 12--31

 []


Underfull \hbox (badness 10000) in paragraph at lines 12--31

 []


Overfull \hbox (31.46065pt too wide) detected at line 69
[]  \OT1/cmr/m/n/10 =[]\OMS/cmsy/m/n/10 )  \OML/cmm/m/it/10 x \OMS/cmsy/m/n/10 
2 \OT1/cmr/m/n/10 (\OMS/cmsy/m/n/10 ^^@1\OML/cmm/m/it/10 ; \OMS/cmsy/m/n/10 ^^@
\OT1/cmr/m/n/10 1) \OMS/cmsy/m/n/10 [ \OT1/cmr/m/n/10 (0\OML/cmm/m/it/10 ; \OT1
/cmr/m/n/10 +\OMS/cmsy/m/n/10 1\OT1/cmr/m/n/10 )
 []


Underfull \hbox (badness 10000) in paragraph at lines 69--75

 []


Underfull \hbox (badness 10000) in paragraph at lines 69--75

 []

[1


{C:/Users/Marc Clara/AppData/Local/MiKTeX/fonts/map/pdftex/pdftex.map}]
Underfull \hbox (badness 10000) in paragraph at lines 80--96

 []


Overfull \hbox (103.16042pt too wide) detected at line 116
\OMS/cmsy/m/n/10 j\OML/cmm/m/it/10 x \OT1/cmr/m/n/10 + 3\OMS/cmsy/m/n/10 j \OT1
/cmr/m/n/10 + \OMS/cmsy/m/n/10 j\OML/cmm/m/it/10 x \OMS/cmsy/m/n/10 ^^@ \OT1/cm
r/m/n/10 1\OMS/cmsy/m/n/10 j ^^U \OT1/cmr/m/n/10 5 \OMS/cmsy/m/n/10 , ^^@\OML/c
mm/m/it/10 x \OMS/cmsy/m/n/10 ^^@ \OT1/cmr/m/n/10 3 \OMS/cmsy/m/n/10 ^^@ \OML/c
mm/m/it/10 x \OT1/cmr/m/n/10 + 1 \OMS/cmsy/m/n/10 ^^U \OT1/cmr/m/n/10 5 \OMS/cm
sy/m/n/10 , ^^@\OT1/cmr/m/n/10 2\OML/cmm/m/it/10 x \OMS/cmsy/m/n/10 ^^@ \OT1/cm
r/m/n/10 2 \OMS/cmsy/m/n/10 ^^U \OT1/cmr/m/n/10 5 \OMS/cmsy/m/n/10 , ^^@\OT1/cm
r/m/n/10 2\OML/cmm/m/it/10 x \OMS/cmsy/m/n/10 ^^U \OT1/cmr/m/n/10 7 \OMS/cmsy/m
/n/10 , \OML/cmm/m/it/10 x \OMS/cmsy/m/n/10 ^^T ^^@[]  \OT1/cmr/m/n/10 =[]\OMS/
cmsy/m/n/10 )  \OML/cmm/m/it/10 x \OMS/cmsy/m/n/10 2 [] ^^@ 1\OML/cmm/m/it/10 ;
 \OMS/cmsy/m/n/10 ^^@[][]
 []


Overfull \hbox (64.27141pt too wide) detected at line 125
\OMS/cmsy/m/n/10 j\OML/cmm/m/it/10 x \OT1/cmr/m/n/10 + 3\OMS/cmsy/m/n/10 j \OT1
/cmr/m/n/10 + \OMS/cmsy/m/n/10 j\OML/cmm/m/it/10 x \OMS/cmsy/m/n/10 ^^@ \OT1/cm
r/m/n/10 1\OMS/cmsy/m/n/10 j ^^U \OT1/cmr/m/n/10 5 \OMS/cmsy/m/n/10 , \OML/cmm/
m/it/10 x \OT1/cmr/m/n/10 + 3 + \OML/cmm/m/it/10 x \OMS/cmsy/m/n/10 ^^@ \OT1/cm
r/m/n/10 1 \OMS/cmsy/m/n/10 ^^U \OT1/cmr/m/n/10 5 \OMS/cmsy/m/n/10 , \OT1/cmr/m
/n/10 2\OML/cmm/m/it/10 x \OT1/cmr/m/n/10 + 2 \OMS/cmsy/m/n/10 ^^U \OT1/cmr/m/n
/10 5 \OMS/cmsy/m/n/10 , \OT1/cmr/m/n/10 2\OML/cmm/m/it/10 x \OMS/cmsy/m/n/10 ^
^U \OT1/cmr/m/n/10 3 \OMS/cmsy/m/n/10 , \OML/cmm/m/it/10 x \OMS/cmsy/m/n/10 ^^T
 []  \OT1/cmr/m/n/10 =[]\OMS/cmsy/m/n/10 )  \OML/cmm/m/it/10 x \OMS/cmsy/m/n/10
 2 [][]\OML/cmm/m/it/10 ; \OT1/cmr/m/n/10 +\OMS/cmsy/m/n/10 1[]
 []

) [2]
\openout2 = `exercici_2.aux'.

 (exercici_2.tex
Underfull \hbox (badness 10000) in paragraph at lines 3--4

 []

) [3



] (principal.aux (Exercici_1.aux) (exercici_2.aux))
 ***********
LaTeX2e <2025-11-01>
L3 programming layer <2026-01-19>
 ***********


LaTeX Warning: Label(s) may have changed. Rerun to get cross-references right.

Package rerunfilecheck Info: File `principal.out' has not changed.
(rerunfilecheck)             Checksum: 6B45263E88315A3A7A6AD10D2F6B4E96;96.
 ) 
Here is how much of TeX's memory you used:
 11679 strings out of 467866
 180720 string characters out of 5421160
 616339 words of memory out of 5000000
 40408 multiletter control sequences out of 15000+600000
 631607 words of font info for 56 fonts, out of 8000000 for 9000
 1141 hyphenation exceptions out of 8191
 75i,13n,79p,285b,468s stack positions out of 10000i,1000n,20000p,200000b,200000s
 <C:\Users\Marc Clara\AppData\Local\MiKTeX\fonts/pk/ljfour/jknappen/ec/dpi600
\tcrm1000.pk><C:/Users/Marc Clara/Desktop/APPS/LaTeX/fonts/type1/public/amsfont
s/cm/cmbx12.pfb><C:/Users/Marc Clara/Desktop/APPS/LaTeX/fonts/type1/public/amsf
onts/cm/cmex10.pfb><C:/Users/Marc Clara/Desktop/APPS/LaTeX/fonts/type1/public/a
msfonts/cm/cmmi10.pfb><C:/Users/Marc Clara/Desktop/APPS/LaTeX/fonts/type1/publi
c/amsfonts/cm/cmmi12.pfb><C:/Users/Marc Clara/Desktop/APPS/LaTeX/fonts/type1/pu
blic/amsfonts/cm/cmr10.pfb><C:/Users/Marc Clara/Desktop/APPS/LaTeX/fonts/type1/
public/amsfonts/cm/cmr12.pfb><C:/Users/Marc Clara/Desktop/APPS/LaTeX/fonts/type
1/public/amsfonts/cm/cmr7.pfb><C:/Users/Marc Clara/Desktop/APPS/LaTeX/fonts/typ
e1/public/amsfonts/cm/cmsy10.pfb><C:/Users/Marc Clara/Desktop/APPS/LaTeX/fonts/
type1/public/amsfonts/symbols/msbm10.pfb>
Output written on principal.pdf (3 pages, 102044 bytes).
PDF statistics:
 81 PDF objects out of 1000 (max. 8388607)
 10 named destinations out of 1000 (max. 500000)
 9 words of extra memory for PDF output out of 10000 (max. 10000000)

